<?xml version="1.0" encoding="UTF-8"?>
<!-- Generated by org.testng.reporters.JUnitReportReporter -->
<testsuite hostname="DESKTOP-3R73L8V" failures="0" tests="1" name="com.nopcommerce.testCases.TC_LoginTest_001" time="11.372" errors="0" timestamp="09 Oct 2019 02:30:48 GMT" skipped="0">
  <testcase classname="com.nopcommerce.testCases.TC_LoginTest_001" name="loginTest" time="11.372"/>
</testsuite> <!-- com.nopcommerce.testCases.TC_LoginTest_001 -->
